<?xml version="1.0" encoding="UTF-8"?>
<!-- Generated by org.testng.reporters.JUnitXMLReporter -->
<testsuite hostname="DESKTOP-HGGBPMG" ignored="0" name="Undrotres" tests="1" failures="1" timestamp="2021-08-16T15:09:27 IST" time="1.827" errors="0">
  <testcase name="rechargeDetails" time="0.34" classname="com.automation.testscript.Recharge_TC">
    <failure type="java.lang.AssertionError" message="expected [true] but found [false]">
      <![CDATA[java.lang.AssertionError: expected [true] but found [false]
at com.automation.testscript.Recharge_TC.rechargeDetails(Recharge_TC.java:53)
at java.util.ArrayList.forEach(ArrayList.java:1259)
... Removed 37 stack frames]]>
    </failure>
  </testcase> <!-- rechargeDetails -->
</testsuite> <!-- Undrotres -->
