<?xml version="1.0" encoding="UTF-8"?>
<testsuite xmlns:xsi="http://www.w3.org/2001/XMLSchema-instance" xsi:noNamespaceSchemaLocation="https://maven.apache.org/surefire/maven-surefire-plugin/xsd/surefire-test-report.xsd" name="TestSuite" time="161.501" tests="1" errors="0" skipped="0" failures="1">
  <properties>
[...]
</properties>
  <testcase name="rechargeDetails" classname="com.automation.testscript.Recharge_TC" time="0.77">
    <failure message="expected [true] but found [false]" type="java.lang.AssertionError">java.lang.AssertionError: expected [true] but found [false]
	at com.automation.testscript.Recharge_TC.rechargeDetails(Recharge_TC.java:53)
</failure>
    <system-out><![CDATA[2021-08-16 15:06:49 INFO  TestBase:46 - Loading the report method
2021-08-16 15:06:49 INFO  TestBase:49 - Load the Properties
2021-08-16 15:06:52 INFO  TestBase:51 - Launch the  chrome browser 
2021-08-16 15:09:25 INFO  TestBase:55 - Open the  http://sanbox.undostres.com.mx application 
2021-08-16 15:09:25 INFO  SuiteListener:52 - Test Execution Started on =========================>>>>Mon Aug 16 15:09:25 IST 2021
2021-08-16 15:09:26 INFO  SuiteListener:26 - Test Case Started::  rechargeDetails
2021-08-16 15:09:26 INFO  SuiteListener:34 - rechargeDetails Test Case is Failed
]]></system-out>
    <system-err><![CDATA[log4j:ERROR Could not find value for key log4j.appender.CONSOLE
log4j:ERROR Could not instantiate appender named "CONSOLE".
log4j:ERROR Could not find value for key log4j.appender.CONSOLE
log4j:ERROR Could not instantiate appender named "CONSOLE".
Starting ChromeDriver 92.0.4515.43 (8c61b7e2989f2990d42f859cac71319137787cce-refs/branch-heads/4515@{#306}) on port 27692
Only local connections are allowed.
Please see https://chromedriver.chromium.org/security-considerations for suggestions on keeping ChromeDriver safe.
ChromeDriver was started successfully.
Aug 16, 2021 3:06:52 PM org.openqa.selenium.remote.ProtocolHandshake createSession
INFO: Detected dialect: W3C
]]></system-err>
  </testcase>
</testsuite>