-------------------------------------------------------------------------------
Test set: TestSuite
-------------------------------------------------------------------------------
Tests run: 1, Failures: 1, Errors: 0, Skipped: 0, Time elapsed: 161.501 s <<< FAILURE! - in TestSuite
rechargeDetails(com.automation.testscript.Recharge_TC)  Time elapsed: 0.77 s  <<< FAILURE!
java.lang.AssertionError: expected [true] but found [false]
	at com.automation.testscript.Recharge_TC.rechargeDetails(Recharge_TC.java:53)

